2026-02-11T07:11:27+00:00 camaba nomor_tes=PMB20260001 prodi_pilihan=Sistem Informasi
2026-02-11T07:11:28+00:00 camaba nomor_tes=PMB20260001 prodi_pilihan=Sistem Informasi
2026-02-11T07:11:28+00:00 camaba nomor_tes=PMB20260001 prodi_pilihan=Sistem Informasi
2026-02-11T07:11:28+00:00 camaba nomor_tes=PMB20260001 prodi_pilihan=Sistem Informasi
2026-02-11T07:11:28+00:00 camaba nomor_tes=PMB20260001 prodi_pilihan=Sistem Informasi
2026-02-11T07:11:37+00:00 camaba nomor_tes=PMB20260001 prodi_pilihan=Sistem Informasi
2026-02-11T07:12:07+00:00 camaba nomor_tes=PMB20260001 prodi_pilihan=Sistem Informasi
2026-02-11T07:12:07+00:00 camaba nomor_tes=PMB20260001 prodi_pilihan=Sistem Informasi
2026-02-11T07:12:08+00:00 camaba nomor_tes=PMB20260001 prodi_pilihan=Sistem Informasi
2026-02-11T07:12:08+00:00 camaba nomor_tes=PMB20260001 prodi_pilihan=Sistem Informasi
2026-02-11T07:15:24+00:00 nomor_tes=PMB20260001 kategori_prodi='Sistem Informasi' found_count=0 existing_kategori=["Sistem Informasi","Akuntansi","Ilmu Komunikasi","Manajemen","Desain Komunikasi Visual","Teknik Informatika"]
2026-02-11T07:15:25+00:00 nomor_tes=PMB20260001 kategori_prodi='Sistem Informasi' found_count=0 existing_kategori=["Sistem Informasi","Akuntansi","Ilmu Komunikasi","Manajemen","Desain Komunikasi Visual","Teknik Informatika"]
2026-02-11T07:15:25+00:00 nomor_tes=PMB20260001 kategori_prodi='Sistem Informasi' found_count=0 existing_kategori=["Sistem Informasi","Akuntansi","Ilmu Komunikasi","Manajemen","Desain Komunikasi Visual","Teknik Informatika"]
2026-02-11T07:15:25+00:00 nomor_tes=PMB20260001 kategori_prodi='Sistem Informasi' found_count=0 existing_kategori=["Sistem Informasi","Akuntansi","Ilmu Komunikasi","Manajemen","Desain Komunikasi Visual","Teknik Informatika"]
2026-02-11T07:15:26+00:00 nomor_tes=PMB20260001 kategori_prodi='Sistem Informasi' found_count=0 existing_kategori=["Sistem Informasi","Akuntansi","Ilmu Komunikasi","Manajemen","Desain Komunikasi Visual","Teknik Informatika"]
2026-02-11T07:15:26+00:00 nomor_tes=PMB20260001 kategori_prodi='Sistem Informasi' found_count=0 existing_kategori=["Sistem Informasi","Akuntansi","Ilmu Komunikasi","Manajemen","Desain Komunikasi Visual","Teknik Informatika"]
2026-02-11T07:15:26+00:00 nomor_tes=PMB20260001 kategori_prodi='Sistem Informasi' found_count=0 existing_kategori=["Sistem Informasi","Akuntansi","Ilmu Komunikasi","Manajemen","Desain Komunikasi Visual","Teknik Informatika"]
2026-02-11T07:15:26+00:00 nomor_tes=PMB20260001 kategori_prodi='Sistem Informasi' found_count=0 existing_kategori=["Sistem Informasi","Akuntansi","Ilmu Komunikasi","Manajemen","Desain Komunikasi Visual","Teknik Informatika"]
2026-02-11T07:15:27+00:00 nomor_tes=PMB20260001 kategori_prodi='Sistem Informasi' found_count=0 existing_kategori=["Sistem Informasi","Akuntansi","Ilmu Komunikasi","Manajemen","Desain Komunikasi Visual","Teknik Informatika"]
2026-02-11T07:15:27+00:00 nomor_tes=PMB20260001 kategori_prodi='Sistem Informasi' found_count=0 existing_kategori=["Sistem Informasi","Akuntansi","Ilmu Komunikasi","Manajemen","Desain Komunikasi Visual","Teknik Informatika"]
2026-02-11T07:15:27+00:00 nomor_tes=PMB20260001 kategori_prodi='Sistem Informasi' found_count=0 existing_kategori=["Sistem Informasi","Akuntansi","Ilmu Komunikasi","Manajemen","Desain Komunikasi Visual","Teknik Informatika"]
2026-02-11T07:16:26+00:00 nomor_tes=PMB20260001 kategori_prodi='Sistem Informasi' found_count=0 existing_kategori=["Sistem Informasi","Akuntansi","Ilmu Komunikasi","Manajemen","Desain Komunikasi Visual","Teknik Informatika"] kategori_hex=53697374656d20496e666f726d617369
2026-02-11T07:16:26+00:00 matched_row id=1 kategori='Sistem Informasi' hex=53697374656D20496E666F726D617369
2026-02-11T07:16:26+00:00 matched_row id=2 kategori='Sistem Informasi' hex=53697374656D20496E666F726D617369
2026-02-11T07:16:26+00:00 matched_row id=3 kategori='Sistem Informasi' hex=53697374656D20496E666F726D617369
2026-02-11T07:16:26+00:00 matched_row id=4 kategori='Sistem Informasi' hex=53697374656D20496E666F726D617369
2026-02-11T07:16:26+00:00 matched_row id=5 kategori='Sistem Informasi' hex=53697374656D20496E666F726D617369
2026-02-11T07:16:26+00:00 matched_row id=6 kategori='Sistem Informasi' hex=53697374656D20496E666F726D617369
2026-02-11T07:16:26+00:00 matched_row id=7 kategori='Sistem Informasi' hex=53697374656D20496E666F726D617369
2026-02-11T07:16:26+00:00 matched_row id=8 kategori='Sistem Informasi' hex=53697374656D20496E666F726D617369
2026-02-11T07:16:26+00:00 matched_row id=9 kategori='Sistem Informasi' hex=53697374656D20496E666F726D617369
2026-02-11T07:16:26+00:00 matched_row id=12 kategori='Sistem Informasi' hex=53697374656D20496E666F726D617369
2026-02-11T07:16:26+00:00 nomor_tes=PMB20260001 kategori_prodi='Sistem Informasi' found_count=0 existing_kategori=["Sistem Informasi","Akuntansi","Ilmu Komunikasi","Manajemen","Desain Komunikasi Visual","Teknik Informatika"] kategori_hex=53697374656d20496e666f726d617369
2026-02-11T07:16:26+00:00 matched_row id=1 kategori='Sistem Informasi' hex=53697374656D20496E666F726D617369
2026-02-11T07:16:26+00:00 matched_row id=2 kategori='Sistem Informasi' hex=53697374656D20496E666F726D617369
2026-02-11T07:16:26+00:00 matched_row id=3 kategori='Sistem Informasi' hex=53697374656D20496E666F726D617369
2026-02-11T07:16:26+00:00 matched_row id=4 kategori='Sistem Informasi' hex=53697374656D20496E666F726D617369
2026-02-11T07:16:26+00:00 matched_row id=5 kategori='Sistem Informasi' hex=53697374656D20496E666F726D617369
2026-02-11T07:16:26+00:00 matched_row id=6 kategori='Sistem Informasi' hex=53697374656D20496E666F726D617369
2026-02-11T07:16:26+00:00 matched_row id=7 kategori='Sistem Informasi' hex=53697374656D20496E666F726D617369
2026-02-11T07:16:26+00:00 matched_row id=8 kategori='Sistem Informasi' hex=53697374656D20496E666F726D617369
2026-02-11T07:16:26+00:00 matched_row id=9 kategori='Sistem Informasi' hex=53697374656D20496E666F726D617369
2026-02-11T07:16:26+00:00 matched_row id=12 kategori='Sistem Informasi' hex=53697374656D20496E666F726D617369
2026-02-11T07:16:26+00:00 nomor_tes=PMB20260001 kategori_prodi='Sistem Informasi' found_count=0 existing_kategori=["Sistem Informasi","Akuntansi","Ilmu Komunikasi","Manajemen","Desain Komunikasi Visual","Teknik Informatika"] kategori_hex=53697374656d20496e666f726d617369
2026-02-11T07:16:26+00:00 matched_row id=1 kategori='Sistem Informasi' hex=53697374656D20496E666F726D617369
2026-02-11T07:16:26+00:00 matched_row id=2 kategori='Sistem Informasi' hex=53697374656D20496E666F726D617369
2026-02-11T07:16:26+00:00 matched_row id=3 kategori='Sistem Informasi' hex=53697374656D20496E666F726D617369
2026-02-11T07:16:26+00:00 matched_row id=4 kategori='Sistem Informasi' hex=53697374656D20496E666F726D617369
2026-02-11T07:16:26+00:00 matched_row id=5 kategori='Sistem Informasi' hex=53697374656D20496E666F726D617369
2026-02-11T07:16:26+00:00 matched_row id=6 kategori='Sistem Informasi' hex=53697374656D20496E666F726D617369
2026-02-11T07:16:26+00:00 matched_row id=7 kategori='Sistem Informasi' hex=53697374656D20496E666F726D617369
2026-02-11T07:16:26+00:00 matched_row id=8 kategori='Sistem Informasi' hex=53697374656D20496E666F726D617369
2026-02-11T07:16:26+00:00 matched_row id=9 kategori='Sistem Informasi' hex=53697374656D20496E666F726D617369
2026-02-11T07:16:26+00:00 matched_row id=12 kategori='Sistem Informasi' hex=53697374656D20496E666F726D617369
2026-02-11T07:16:27+00:00 nomor_tes=PMB20260001 kategori_prodi='Sistem Informasi' found_count=0 existing_kategori=["Sistem Informasi","Akuntansi","Ilmu Komunikasi","Manajemen","Desain Komunikasi Visual","Teknik Informatika"] kategori_hex=53697374656d20496e666f726d617369
2026-02-11T07:16:27+00:00 matched_row id=1 kategori='Sistem Informasi' hex=53697374656D20496E666F726D617369
2026-02-11T07:16:27+00:00 matched_row id=2 kategori='Sistem Informasi' hex=53697374656D20496E666F726D617369
2026-02-11T07:16:27+00:00 matched_row id=3 kategori='Sistem Informasi' hex=53697374656D20496E666F726D617369
2026-02-11T07:16:27+00:00 matched_row id=4 kategori='Sistem Informasi' hex=53697374656D20496E666F726D617369
2026-02-11T07:16:27+00:00 matched_row id=5 kategori='Sistem Informasi' hex=53697374656D20496E666F726D617369
2026-02-11T07:16:27+00:00 matched_row id=6 kategori='Sistem Informasi' hex=53697374656D20496E666F726D617369
2026-02-11T07:16:27+00:00 matched_row id=7 kategori='Sistem Informasi' hex=53697374656D20496E666F726D617369
2026-02-11T07:16:27+00:00 matched_row id=8 kategori='Sistem Informasi' hex=53697374656D20496E666F726D617369
2026-02-11T07:16:27+00:00 matched_row id=9 kategori='Sistem Informasi' hex=53697374656D20496E666F726D617369
2026-02-11T07:16:27+00:00 matched_row id=12 kategori='Sistem Informasi' hex=53697374656D20496E666F726D617369
2026-02-11T07:16:27+00:00 nomor_tes=PMB20260001 kategori_prodi='Sistem Informasi' found_count=0 existing_kategori=["Sistem Informasi","Akuntansi","Ilmu Komunikasi","Manajemen","Desain Komunikasi Visual","Teknik Informatika"] kategori_hex=53697374656d20496e666f726d617369
2026-02-11T07:16:27+00:00 matched_row id=1 kategori='Sistem Informasi' hex=53697374656D20496E666F726D617369
2026-02-11T07:16:27+00:00 matched_row id=2 kategori='Sistem Informasi' hex=53697374656D20496E666F726D617369
2026-02-11T07:16:27+00:00 matched_row id=3 kategori='Sistem Informasi' hex=53697374656D20496E666F726D617369
2026-02-11T07:16:27+00:00 matched_row id=4 kategori='Sistem Informasi' hex=53697374656D20496E666F726D617369
2026-02-11T07:16:27+00:00 matched_row id=5 kategori='Sistem Informasi' hex=53697374656D20496E666F726D617369
2026-02-11T07:16:27+00:00 matched_row id=6 kategori='Sistem Informasi' hex=53697374656D20496E666F726D617369
2026-02-11T07:16:27+00:00 matched_row id=7 kategori='Sistem Informasi' hex=53697374656D20496E666F726D617369
2026-02-11T07:16:27+00:00 matched_row id=8 kategori='Sistem Informasi' hex=53697374656D20496E666F726D617369
2026-02-11T07:16:27+00:00 matched_row id=9 kategori='Sistem Informasi' hex=53697374656D20496E666F726D617369
2026-02-11T07:16:27+00:00 matched_row id=12 kategori='Sistem Informasi' hex=53697374656D20496E666F726D617369
2026-02-11T07:16:27+00:00 nomor_tes=PMB20260001 kategori_prodi='Sistem Informasi' found_count=0 existing_kategori=["Sistem Informasi","Akuntansi","Ilmu Komunikasi","Manajemen","Desain Komunikasi Visual","Teknik Informatika"] kategori_hex=53697374656d20496e666f726d617369
2026-02-11T07:16:27+00:00 matched_row id=1 kategori='Sistem Informasi' hex=53697374656D20496E666F726D617369
2026-02-11T07:16:27+00:00 matched_row id=2 kategori='Sistem Informasi' hex=53697374656D20496E666F726D617369
2026-02-11T07:16:27+00:00 matched_row id=3 kategori='Sistem Informasi' hex=53697374656D20496E666F726D617369
2026-02-11T07:16:27+00:00 matched_row id=4 kategori='Sistem Informasi' hex=53697374656D20496E666F726D617369
2026-02-11T07:16:27+00:00 matched_row id=5 kategori='Sistem Informasi' hex=53697374656D20496E666F726D617369
2026-02-11T07:16:27+00:00 matched_row id=6 kategori='Sistem Informasi' hex=53697374656D20496E666F726D617369
2026-02-11T07:16:27+00:00 matched_row id=7 kategori='Sistem Informasi' hex=53697374656D20496E666F726D617369
2026-02-11T07:16:27+00:00 matched_row id=8 kategori='Sistem Informasi' hex=53697374656D20496E666F726D617369
2026-02-11T07:16:27+00:00 matched_row id=9 kategori='Sistem Informasi' hex=53697374656D20496E666F726D617369
2026-02-11T07:16:27+00:00 matched_row id=12 kategori='Sistem Informasi' hex=53697374656D20496E666F726D617369
2026-02-11T07:16:27+00:00 nomor_tes=PMB20260001 kategori_prodi='Sistem Informasi' found_count=0 existing_kategori=["Sistem Informasi","Akuntansi","Ilmu Komunikasi","Manajemen","Desain Komunikasi Visual","Teknik Informatika"] kategori_hex=53697374656d20496e666f726d617369
2026-02-11T07:16:27+00:00 matched_row id=1 kategori='Sistem Informasi' hex=53697374656D20496E666F726D617369
2026-02-11T07:16:27+00:00 matched_row id=2 kategori='Sistem Informasi' hex=53697374656D20496E666F726D617369
2026-02-11T07:16:27+00:00 matched_row id=3 kategori='Sistem Informasi' hex=53697374656D20496E666F726D617369
2026-02-11T07:16:27+00:00 matched_row id=4 kategori='Sistem Informasi' hex=53697374656D20496E666F726D617369
2026-02-11T07:16:27+00:00 matched_row id=5 kategori='Sistem Informasi' hex=53697374656D20496E666F726D617369
2026-02-11T07:16:27+00:00 matched_row id=6 kategori='Sistem Informasi' hex=53697374656D20496E666F726D617369
2026-02-11T07:16:27+00:00 matched_row id=7 kategori='Sistem Informasi' hex=53697374656D20496E666F726D617369
2026-02-11T07:16:27+00:00 matched_row id=8 kategori='Sistem Informasi' hex=53697374656D20496E666F726D617369
2026-02-11T07:16:27+00:00 matched_row id=9 kategori='Sistem Informasi' hex=53697374656D20496E666F726D617369
2026-02-11T07:16:27+00:00 matched_row id=12 kategori='Sistem Informasi' hex=53697374656D20496E666F726D617369
2026-02-11T07:16:27+00:00 nomor_tes=PMB20260001 kategori_prodi='Sistem Informasi' found_count=0 existing_kategori=["Sistem Informasi","Akuntansi","Ilmu Komunikasi","Manajemen","Desain Komunikasi Visual","Teknik Informatika"] kategori_hex=53697374656d20496e666f726d617369
2026-02-11T07:16:27+00:00 matched_row id=1 kategori='Sistem Informasi' hex=53697374656D20496E666F726D617369
2026-02-11T07:16:27+00:00 matched_row id=2 kategori='Sistem Informasi' hex=53697374656D20496E666F726D617369
2026-02-11T07:16:27+00:00 matched_row id=3 kategori='Sistem Informasi' hex=53697374656D20496E666F726D617369
2026-02-11T07:16:27+00:00 matched_row id=4 kategori='Sistem Informasi' hex=53697374656D20496E666F726D617369
2026-02-11T07:16:27+00:00 matched_row id=5 kategori='Sistem Informasi' hex=53697374656D20496E666F726D617369
2026-02-11T07:16:27+00:00 matched_row id=6 kategori='Sistem Informasi' hex=53697374656D20496E666F726D617369
2026-02-11T07:16:27+00:00 matched_row id=7 kategori='Sistem Informasi' hex=53697374656D20496E666F726D617369
2026-02-11T07:16:27+00:00 matched_row id=8 kategori='Sistem Informasi' hex=53697374656D20496E666F726D617369
2026-02-11T07:16:27+00:00 matched_row id=9 kategori='Sistem Informasi' hex=53697374656D20496E666F726D617369
2026-02-11T07:16:27+00:00 matched_row id=12 kategori='Sistem Informasi' hex=53697374656D20496E666F726D617369
2026-02-11T07:16:28+00:00 nomor_tes=PMB20260001 kategori_prodi='Sistem Informasi' found_count=0 existing_kategori=["Sistem Informasi","Akuntansi","Ilmu Komunikasi","Manajemen","Desain Komunikasi Visual","Teknik Informatika"] kategori_hex=53697374656d20496e666f726d617369
2026-02-11T07:16:28+00:00 matched_row id=1 kategori='Sistem Informasi' hex=53697374656D20496E666F726D617369
2026-02-11T07:16:28+00:00 matched_row id=2 kategori='Sistem Informasi' hex=53697374656D20496E666F726D617369
2026-02-11T07:16:28+00:00 matched_row id=3 kategori='Sistem Informasi' hex=53697374656D20496E666F726D617369
2026-02-11T07:16:28+00:00 matched_row id=4 kategori='Sistem Informasi' hex=53697374656D20496E666F726D617369
2026-02-11T07:16:28+00:00 matched_row id=5 kategori='Sistem Informasi' hex=53697374656D20496E666F726D617369
2026-02-11T07:16:28+00:00 matched_row id=6 kategori='Sistem Informasi' hex=53697374656D20496E666F726D617369
2026-02-11T07:16:28+00:00 matched_row id=7 kategori='Sistem Informasi' hex=53697374656D20496E666F726D617369
2026-02-11T07:16:28+00:00 matched_row id=8 kategori='Sistem Informasi' hex=53697374656D20496E666F726D617369
2026-02-11T07:16:28+00:00 matched_row id=9 kategori='Sistem Informasi' hex=53697374656D20496E666F726D617369
2026-02-11T07:16:28+00:00 matched_row id=12 kategori='Sistem Informasi' hex=53697374656D20496E666F726D617369
2026-02-11T07:16:28+00:00 nomor_tes=PMB20260001 kategori_prodi='Sistem Informasi' found_count=0 existing_kategori=["Sistem Informasi","Akuntansi","Ilmu Komunikasi","Manajemen","Desain Komunikasi Visual","Teknik Informatika"] kategori_hex=53697374656d20496e666f726d617369
2026-02-11T07:16:28+00:00 matched_row id=1 kategori='Sistem Informasi' hex=53697374656D20496E666F726D617369
2026-02-11T07:16:28+00:00 matched_row id=2 kategori='Sistem Informasi' hex=53697374656D20496E666F726D617369
2026-02-11T07:16:28+00:00 matched_row id=3 kategori='Sistem Informasi' hex=53697374656D20496E666F726D617369
2026-02-11T07:16:28+00:00 matched_row id=4 kategori='Sistem Informasi' hex=53697374656D20496E666F726D617369
2026-02-11T07:16:28+00:00 matched_row id=5 kategori='Sistem Informasi' hex=53697374656D20496E666F726D617369
2026-02-11T07:16:28+00:00 matched_row id=6 kategori='Sistem Informasi' hex=53697374656D20496E666F726D617369
2026-02-11T07:16:28+00:00 matched_row id=7 kategori='Sistem Informasi' hex=53697374656D20496E666F726D617369
2026-02-11T07:16:28+00:00 matched_row id=8 kategori='Sistem Informasi' hex=53697374656D20496E666F726D617369
2026-02-11T07:16:28+00:00 matched_row id=9 kategori='Sistem Informasi' hex=53697374656D20496E666F726D617369
2026-02-11T07:16:28+00:00 matched_row id=12 kategori='Sistem Informasi' hex=53697374656D20496E666F726D617369
2026-02-11T07:16:28+00:00 nomor_tes=PMB20260001 kategori_prodi='Sistem Informasi' found_count=0 existing_kategori=["Sistem Informasi","Akuntansi","Ilmu Komunikasi","Manajemen","Desain Komunikasi Visual","Teknik Informatika"] kategori_hex=53697374656d20496e666f726d617369
2026-02-11T07:16:28+00:00 matched_row id=1 kategori='Sistem Informasi' hex=53697374656D20496E666F726D617369
2026-02-11T07:16:28+00:00 matched_row id=2 kategori='Sistem Informasi' hex=53697374656D20496E666F726D617369
2026-02-11T07:16:28+00:00 matched_row id=3 kategori='Sistem Informasi' hex=53697374656D20496E666F726D617369
2026-02-11T07:16:28+00:00 matched_row id=4 kategori='Sistem Informasi' hex=53697374656D20496E666F726D617369
2026-02-11T07:16:28+00:00 matched_row id=5 kategori='Sistem Informasi' hex=53697374656D20496E666F726D617369
2026-02-11T07:16:28+00:00 matched_row id=6 kategori='Sistem Informasi' hex=53697374656D20496E666F726D617369
2026-02-11T07:16:28+00:00 matched_row id=7 kategori='Sistem Informasi' hex=53697374656D20496E666F726D617369
2026-02-11T07:16:28+00:00 matched_row id=8 kategori='Sistem Informasi' hex=53697374656D20496E666F726D617369
2026-02-11T07:16:28+00:00 matched_row id=9 kategori='Sistem Informasi' hex=53697374656D20496E666F726D617369
2026-02-11T07:16:28+00:00 matched_row id=12 kategori='Sistem Informasi' hex=53697374656D20496E666F726D617369
2026-02-11T07:16:28+00:00 nomor_tes=PMB20260001 kategori_prodi='Sistem Informasi' found_count=0 existing_kategori=["Sistem Informasi","Akuntansi","Ilmu Komunikasi","Manajemen","Desain Komunikasi Visual","Teknik Informatika"] kategori_hex=53697374656d20496e666f726d617369
2026-02-11T07:16:28+00:00 matched_row id=1 kategori='Sistem Informasi' hex=53697374656D20496E666F726D617369
2026-02-11T07:16:28+00:00 matched_row id=2 kategori='Sistem Informasi' hex=53697374656D20496E666F726D617369
2026-02-11T07:16:28+00:00 matched_row id=3 kategori='Sistem Informasi' hex=53697374656D20496E666F726D617369
2026-02-11T07:16:28+00:00 matched_row id=4 kategori='Sistem Informasi' hex=53697374656D20496E666F726D617369
2026-02-11T07:16:28+00:00 matched_row id=5 kategori='Sistem Informasi' hex=53697374656D20496E666F726D617369
2026-02-11T07:16:28+00:00 matched_row id=6 kategori='Sistem Informasi' hex=53697374656D20496E666F726D617369
2026-02-11T07:16:28+00:00 matched_row id=7 kategori='Sistem Informasi' hex=53697374656D20496E666F726D617369
2026-02-11T07:16:28+00:00 matched_row id=8 kategori='Sistem Informasi' hex=53697374656D20496E666F726D617369
2026-02-11T07:16:28+00:00 matched_row id=9 kategori='Sistem Informasi' hex=53697374656D20496E666F726D617369
2026-02-11T07:16:28+00:00 matched_row id=12 kategori='Sistem Informasi' hex=53697374656D20496E666F726D617369
2026-02-11T07:16:29+00:00 nomor_tes=PMB20260001 kategori_prodi='Sistem Informasi' found_count=0 existing_kategori=["Sistem Informasi","Akuntansi","Ilmu Komunikasi","Manajemen","Desain Komunikasi Visual","Teknik Informatika"] kategori_hex=53697374656d20496e666f726d617369
2026-02-11T07:16:29+00:00 matched_row id=1 kategori='Sistem Informasi' hex=53697374656D20496E666F726D617369
2026-02-11T07:16:29+00:00 matched_row id=2 kategori='Sistem Informasi' hex=53697374656D20496E666F726D617369
2026-02-11T07:16:29+00:00 matched_row id=3 kategori='Sistem Informasi' hex=53697374656D20496E666F726D617369
2026-02-11T07:16:29+00:00 matched_row id=4 kategori='Sistem Informasi' hex=53697374656D20496E666F726D617369
2026-02-11T07:16:29+00:00 matched_row id=5 kategori='Sistem Informasi' hex=53697374656D20496E666F726D617369
2026-02-11T07:16:29+00:00 matched_row id=6 kategori='Sistem Informasi' hex=53697374656D20496E666F726D617369
2026-02-11T07:16:29+00:00 matched_row id=7 kategori='Sistem Informasi' hex=53697374656D20496E666F726D617369
2026-02-11T07:16:29+00:00 matched_row id=8 kategori='Sistem Informasi' hex=53697374656D20496E666F726D617369
2026-02-11T07:16:29+00:00 matched_row id=9 kategori='Sistem Informasi' hex=53697374656D20496E666F726D617369
2026-02-11T07:16:29+00:00 matched_row id=12 kategori='Sistem Informasi' hex=53697374656D20496E666F726D617369
2026-02-11T07:16:29+00:00 nomor_tes=PMB20260001 kategori_prodi='Sistem Informasi' found_count=0 existing_kategori=["Sistem Informasi","Akuntansi","Ilmu Komunikasi","Manajemen","Desain Komunikasi Visual","Teknik Informatika"] kategori_hex=53697374656d20496e666f726d617369
2026-02-11T07:16:29+00:00 matched_row id=1 kategori='Sistem Informasi' hex=53697374656D20496E666F726D617369
2026-02-11T07:16:29+00:00 matched_row id=2 kategori='Sistem Informasi' hex=53697374656D20496E666F726D617369
2026-02-11T07:16:29+00:00 matched_row id=3 kategori='Sistem Informasi' hex=53697374656D20496E666F726D617369
2026-02-11T07:16:29+00:00 matched_row id=4 kategori='Sistem Informasi' hex=53697374656D20496E666F726D617369
2026-02-11T07:16:29+00:00 matched_row id=5 kategori='Sistem Informasi' hex=53697374656D20496E666F726D617369
2026-02-11T07:16:29+00:00 matched_row id=6 kategori='Sistem Informasi' hex=53697374656D20496E666F726D617369
2026-02-11T07:16:29+00:00 matched_row id=7 kategori='Sistem Informasi' hex=53697374656D20496E666F726D617369
2026-02-11T07:16:29+00:00 matched_row id=8 kategori='Sistem Informasi' hex=53697374656D20496E666F726D617369
2026-02-11T07:16:29+00:00 matched_row id=9 kategori='Sistem Informasi' hex=53697374656D20496E666F726D617369
2026-02-11T07:16:29+00:00 matched_row id=12 kategori='Sistem Informasi' hex=53697374656D20496E666F726D617369
2026-02-11T07:16:29+00:00 nomor_tes=PMB20260001 kategori_prodi='Sistem Informasi' found_count=0 existing_kategori=["Sistem Informasi","Akuntansi","Ilmu Komunikasi","Manajemen","Desain Komunikasi Visual","Teknik Informatika"] kategori_hex=53697374656d20496e666f726d617369
2026-02-11T07:16:29+00:00 matched_row id=1 kategori='Sistem Informasi' hex=53697374656D20496E666F726D617369
2026-02-11T07:16:29+00:00 matched_row id=2 kategori='Sistem Informasi' hex=53697374656D20496E666F726D617369
2026-02-11T07:16:29+00:00 matched_row id=3 kategori='Sistem Informasi' hex=53697374656D20496E666F726D617369
2026-02-11T07:16:29+00:00 matched_row id=4 kategori='Sistem Informasi' hex=53697374656D20496E666F726D617369
2026-02-11T07:16:29+00:00 matched_row id=5 kategori='Sistem Informasi' hex=53697374656D20496E666F726D617369
2026-02-11T07:16:29+00:00 matched_row id=6 kategori='Sistem Informasi' hex=53697374656D20496E666F726D617369
2026-02-11T07:16:29+00:00 matched_row id=7 kategori='Sistem Informasi' hex=53697374656D20496E666F726D617369
2026-02-11T07:16:29+00:00 matched_row id=8 kategori='Sistem Informasi' hex=53697374656D20496E666F726D617369
2026-02-11T07:16:29+00:00 matched_row id=9 kategori='Sistem Informasi' hex=53697374656D20496E666F726D617369
2026-02-11T07:16:29+00:00 matched_row id=12 kategori='Sistem Informasi' hex=53697374656D20496E666F726D617369
2026-02-11T07:16:51+00:00 nomor_tes=PMB20260001 prodi_pilihan='Sistem Informasi' found_count=0 existing_kategori=["Sistem Informasi","Akuntansi","Ilmu Komunikasi","Manajemen","Desain Komunikasi Visual","Teknik Informatika"] kategori_hex=53697374656d20496e666f726d617369
2026-02-11T07:16:51+00:00 matched_row id=1 kategori='Sistem Informasi' hex=53697374656D20496E666F726D617369
2026-02-11T07:16:51+00:00 matched_row id=2 kategori='Sistem Informasi' hex=53697374656D20496E666F726D617369
2026-02-11T07:16:51+00:00 matched_row id=3 kategori='Sistem Informasi' hex=53697374656D20496E666F726D617369
2026-02-11T07:16:51+00:00 matched_row id=4 kategori='Sistem Informasi' hex=53697374656D20496E666F726D617369
2026-02-11T07:16:51+00:00 matched_row id=5 kategori='Sistem Informasi' hex=53697374656D20496E666F726D617369
2026-02-11T07:16:51+00:00 matched_row id=6 kategori='Sistem Informasi' hex=53697374656D20496E666F726D617369
2026-02-11T07:16:51+00:00 matched_row id=7 kategori='Sistem Informasi' hex=53697374656D20496E666F726D617369
2026-02-11T07:16:51+00:00 matched_row id=8 kategori='Sistem Informasi' hex=53697374656D20496E666F726D617369
2026-02-11T07:16:51+00:00 matched_row id=9 kategori='Sistem Informasi' hex=53697374656D20496E666F726D617369
2026-02-11T07:16:51+00:00 matched_row id=12 kategori='Sistem Informasi' hex=53697374656D20496E666F726D617369
2026-02-11T07:16:51+00:00 nomor_tes=PMB20260001 prodi_pilihan='Sistem Informasi' found_count=0 existing_kategori=["Sistem Informasi","Akuntansi","Ilmu Komunikasi","Manajemen","Desain Komunikasi Visual","Teknik Informatika"] kategori_hex=53697374656d20496e666f726d617369
2026-02-11T07:16:51+00:00 matched_row id=1 kategori='Sistem Informasi' hex=53697374656D20496E666F726D617369
2026-02-11T07:16:51+00:00 matched_row id=2 kategori='Sistem Informasi' hex=53697374656D20496E666F726D617369
2026-02-11T07:16:51+00:00 matched_row id=3 kategori='Sistem Informasi' hex=53697374656D20496E666F726D617369
2026-02-11T07:16:51+00:00 matched_row id=4 kategori='Sistem Informasi' hex=53697374656D20496E666F726D617369
2026-02-11T07:16:51+00:00 matched_row id=5 kategori='Sistem Informasi' hex=53697374656D20496E666F726D617369
2026-02-11T07:16:51+00:00 matched_row id=6 kategori='Sistem Informasi' hex=53697374656D20496E666F726D617369
2026-02-11T07:16:51+00:00 matched_row id=7 kategori='Sistem Informasi' hex=53697374656D20496E666F726D617369
2026-02-11T07:16:51+00:00 matched_row id=8 kategori='Sistem Informasi' hex=53697374656D20496E666F726D617369
2026-02-11T07:16:51+00:00 matched_row id=9 kategori='Sistem Informasi' hex=53697374656D20496E666F726D617369
2026-02-11T07:16:51+00:00 matched_row id=12 kategori='Sistem Informasi' hex=53697374656D20496E666F726D617369
2026-02-11T07:16:51+00:00 nomor_tes=PMB20260001 prodi_pilihan='Sistem Informasi' found_count=0 existing_kategori=["Sistem Informasi","Akuntansi","Ilmu Komunikasi","Manajemen","Desain Komunikasi Visual","Teknik Informatika"] kategori_hex=53697374656d20496e666f726d617369
2026-02-11T07:16:51+00:00 matched_row id=1 kategori='Sistem Informasi' hex=53697374656D20496E666F726D617369
2026-02-11T07:16:51+00:00 matched_row id=2 kategori='Sistem Informasi' hex=53697374656D20496E666F726D617369
2026-02-11T07:16:51+00:00 matched_row id=3 kategori='Sistem Informasi' hex=53697374656D20496E666F726D617369
2026-02-11T07:16:51+00:00 matched_row id=4 kategori='Sistem Informasi' hex=53697374656D20496E666F726D617369
2026-02-11T07:16:51+00:00 matched_row id=5 kategori='Sistem Informasi' hex=53697374656D20496E666F726D617369
2026-02-11T07:16:51+00:00 matched_row id=6 kategori='Sistem Informasi' hex=53697374656D20496E666F726D617369
2026-02-11T07:16:51+00:00 matched_row id=7 kategori='Sistem Informasi' hex=53697374656D20496E666F726D617369
2026-02-11T07:16:51+00:00 matched_row id=8 kategori='Sistem Informasi' hex=53697374656D20496E666F726D617369
2026-02-11T07:16:51+00:00 matched_row id=9 kategori='Sistem Informasi' hex=53697374656D20496E666F726D617369
2026-02-11T07:16:51+00:00 matched_row id=12 kategori='Sistem Informasi' hex=53697374656D20496E666F726D617369
2026-02-11T07:16:52+00:00 nomor_tes=PMB20260001 prodi_pilihan='Sistem Informasi' found_count=0 existing_kategori=["Sistem Informasi","Akuntansi","Ilmu Komunikasi","Manajemen","Desain Komunikasi Visual","Teknik Informatika"] kategori_hex=53697374656d20496e666f726d617369
2026-02-11T07:16:52+00:00 matched_row id=1 kategori='Sistem Informasi' hex=53697374656D20496E666F726D617369
2026-02-11T07:16:52+00:00 matched_row id=2 kategori='Sistem Informasi' hex=53697374656D20496E666F726D617369
2026-02-11T07:16:52+00:00 matched_row id=3 kategori='Sistem Informasi' hex=53697374656D20496E666F726D617369
2026-02-11T07:16:52+00:00 matched_row id=4 kategori='Sistem Informasi' hex=53697374656D20496E666F726D617369
2026-02-11T07:16:52+00:00 matched_row id=5 kategori='Sistem Informasi' hex=53697374656D20496E666F726D617369
2026-02-11T07:16:52+00:00 matched_row id=6 kategori='Sistem Informasi' hex=53697374656D20496E666F726D617369
2026-02-11T07:16:52+00:00 matched_row id=7 kategori='Sistem Informasi' hex=53697374656D20496E666F726D617369
2026-02-11T07:16:52+00:00 matched_row id=8 kategori='Sistem Informasi' hex=53697374656D20496E666F726D617369
2026-02-11T07:16:52+00:00 matched_row id=9 kategori='Sistem Informasi' hex=53697374656D20496E666F726D617369
2026-02-11T07:16:52+00:00 matched_row id=12 kategori='Sistem Informasi' hex=53697374656D20496E666F726D617369
2026-02-11T07:18:52+00:00 nomor_tes=PMB20260001 kategori_prodi='Sistem Informasi' found_count=0 existing_kategori=["Sistem Informasi","Akuntansi","Ilmu Komunikasi","Manajemen","Desain Komunikasi Visual","Teknik Informatika"] kategori_hex=53697374656d20496e666f726d617369
2026-02-11T07:18:52+00:00 matched_row id=1 kategori='Sistem Informasi' hex=53697374656D20496E666F726D617369
2026-02-11T07:18:52+00:00 matched_row id=2 kategori='Sistem Informasi' hex=53697374656D20496E666F726D617369
2026-02-11T07:18:52+00:00 matched_row id=3 kategori='Sistem Informasi' hex=53697374656D20496E666F726D617369
2026-02-11T07:18:52+00:00 matched_row id=4 kategori='Sistem Informasi' hex=53697374656D20496E666F726D617369
2026-02-11T07:18:52+00:00 matched_row id=5 kategori='Sistem Informasi' hex=53697374656D20496E666F726D617369
2026-02-11T07:18:52+00:00 matched_row id=6 kategori='Sistem Informasi' hex=53697374656D20496E666F726D617369
2026-02-11T07:18:52+00:00 matched_row id=7 kategori='Sistem Informasi' hex=53697374656D20496E666F726D617369
2026-02-11T07:18:52+00:00 matched_row id=8 kategori='Sistem Informasi' hex=53697374656D20496E666F726D617369
2026-02-11T07:18:52+00:00 matched_row id=9 kategori='Sistem Informasi' hex=53697374656D20496E666F726D617369
2026-02-11T07:18:52+00:00 matched_row id=12 kategori='Sistem Informasi' hex=53697374656D20496E666F726D617369
2026-02-11T07:18:52+00:00 nomor_tes=PMB20260001 kategori_prodi='Sistem Informasi' found_count=0 existing_kategori=["Sistem Informasi","Akuntansi","Ilmu Komunikasi","Manajemen","Desain Komunikasi Visual","Teknik Informatika"] kategori_hex=53697374656d20496e666f726d617369
2026-02-11T07:18:52+00:00 matched_row id=1 kategori='Sistem Informasi' hex=53697374656D20496E666F726D617369
2026-02-11T07:18:52+00:00 matched_row id=2 kategori='Sistem Informasi' hex=53697374656D20496E666F726D617369
2026-02-11T07:18:52+00:00 matched_row id=3 kategori='Sistem Informasi' hex=53697374656D20496E666F726D617369
2026-02-11T07:18:52+00:00 matched_row id=4 kategori='Sistem Informasi' hex=53697374656D20496E666F726D617369
2026-02-11T07:18:52+00:00 matched_row id=5 kategori='Sistem Informasi' hex=53697374656D20496E666F726D617369
2026-02-11T07:18:52+00:00 matched_row id=6 kategori='Sistem Informasi' hex=53697374656D20496E666F726D617369
2026-02-11T07:18:52+00:00 matched_row id=7 kategori='Sistem Informasi' hex=53697374656D20496E666F726D617369
2026-02-11T07:18:52+00:00 matched_row id=8 kategori='Sistem Informasi' hex=53697374656D20496E666F726D617369
2026-02-11T07:18:52+00:00 matched_row id=9 kategori='Sistem Informasi' hex=53697374656D20496E666F726D617369
2026-02-11T07:18:52+00:00 matched_row id=12 kategori='Sistem Informasi' hex=53697374656D20496E666F726D617369
2026-02-11T07:18:52+00:00 nomor_tes=PMB20260001 kategori_prodi='Sistem Informasi' found_count=0 existing_kategori=["Sistem Informasi","Akuntansi","Ilmu Komunikasi","Manajemen","Desain Komunikasi Visual","Teknik Informatika"] kategori_hex=53697374656d20496e666f726d617369
2026-02-11T07:18:52+00:00 matched_row id=1 kategori='Sistem Informasi' hex=53697374656D20496E666F726D617369
2026-02-11T07:18:52+00:00 matched_row id=2 kategori='Sistem Informasi' hex=53697374656D20496E666F726D617369
2026-02-11T07:18:52+00:00 matched_row id=3 kategori='Sistem Informasi' hex=53697374656D20496E666F726D617369
2026-02-11T07:18:52+00:00 matched_row id=4 kategori='Sistem Informasi' hex=53697374656D20496E666F726D617369
2026-02-11T07:18:52+00:00 matched_row id=5 kategori='Sistem Informasi' hex=53697374656D20496E666F726D617369
2026-02-11T07:18:52+00:00 matched_row id=6 kategori='Sistem Informasi' hex=53697374656D20496E666F726D617369
2026-02-11T07:18:52+00:00 matched_row id=7 kategori='Sistem Informasi' hex=53697374656D20496E666F726D617369
2026-02-11T07:18:52+00:00 matched_row id=8 kategori='Sistem Informasi' hex=53697374656D20496E666F726D617369
2026-02-11T07:18:52+00:00 matched_row id=9 kategori='Sistem Informasi' hex=53697374656D20496E666F726D617369
2026-02-11T07:18:52+00:00 matched_row id=12 kategori='Sistem Informasi' hex=53697374656D20496E666F726D617369
2026-02-11T07:18:53+00:00 nomor_tes=PMB20260001 kategori_prodi='Sistem Informasi' found_count=0 existing_kategori=["Sistem Informasi","Akuntansi","Ilmu Komunikasi","Manajemen","Desain Komunikasi Visual","Teknik Informatika"] kategori_hex=53697374656d20496e666f726d617369
2026-02-11T07:18:53+00:00 matched_row id=1 kategori='Sistem Informasi' hex=53697374656D20496E666F726D617369
2026-02-11T07:18:53+00:00 matched_row id=2 kategori='Sistem Informasi' hex=53697374656D20496E666F726D617369
2026-02-11T07:18:53+00:00 matched_row id=3 kategori='Sistem Informasi' hex=53697374656D20496E666F726D617369
2026-02-11T07:18:53+00:00 matched_row id=4 kategori='Sistem Informasi' hex=53697374656D20496E666F726D617369
2026-02-11T07:18:53+00:00 matched_row id=5 kategori='Sistem Informasi' hex=53697374656D20496E666F726D617369
2026-02-11T07:18:53+00:00 matched_row id=6 kategori='Sistem Informasi' hex=53697374656D20496E666F726D617369
2026-02-11T07:18:53+00:00 matched_row id=7 kategori='Sistem Informasi' hex=53697374656D20496E666F726D617369
2026-02-11T07:18:53+00:00 matched_row id=8 kategori='Sistem Informasi' hex=53697374656D20496E666F726D617369
2026-02-11T07:18:53+00:00 matched_row id=9 kategori='Sistem Informasi' hex=53697374656D20496E666F726D617369
2026-02-11T07:18:53+00:00 matched_row id=12 kategori='Sistem Informasi' hex=53697374656D20496E666F726D617369
2026-02-11T07:18:53+00:00 nomor_tes=PMB20260001 kategori_prodi='Sistem Informasi' found_count=0 existing_kategori=["Sistem Informasi","Akuntansi","Ilmu Komunikasi","Manajemen","Desain Komunikasi Visual","Teknik Informatika"] kategori_hex=53697374656d20496e666f726d617369
2026-02-11T07:18:53+00:00 matched_row id=1 kategori='Sistem Informasi' hex=53697374656D20496E666F726D617369
2026-02-11T07:18:53+00:00 matched_row id=2 kategori='Sistem Informasi' hex=53697374656D20496E666F726D617369
2026-02-11T07:18:53+00:00 matched_row id=3 kategori='Sistem Informasi' hex=53697374656D20496E666F726D617369
2026-02-11T07:18:53+00:00 matched_row id=4 kategori='Sistem Informasi' hex=53697374656D20496E666F726D617369
2026-02-11T07:18:53+00:00 matched_row id=5 kategori='Sistem Informasi' hex=53697374656D20496E666F726D617369
2026-02-11T07:18:53+00:00 matched_row id=6 kategori='Sistem Informasi' hex=53697374656D20496E666F726D617369
2026-02-11T07:18:53+00:00 matched_row id=7 kategori='Sistem Informasi' hex=53697374656D20496E666F726D617369
2026-02-11T07:18:53+00:00 matched_row id=8 kategori='Sistem Informasi' hex=53697374656D20496E666F726D617369
2026-02-11T07:18:53+00:00 matched_row id=9 kategori='Sistem Informasi' hex=53697374656D20496E666F726D617369
2026-02-11T07:18:53+00:00 matched_row id=12 kategori='Sistem Informasi' hex=53697374656D20496E666F726D617369
2026-02-11T07:21:18+00:00 nomor_tes=PMB20260001 kategori_prodi='Sistem Informasi' found_count=0 existing_kategori=["Sistem Informasi","Akuntansi","Ilmu Komunikasi","Manajemen","Desain Komunikasi Visual","Teknik Informatika"] kategori_hex=53697374656d20496e666f726d617369
2026-02-11T07:21:18+00:00 matched_row id=1 kategori='Sistem Informasi' hex=53697374656D20496E666F726D617369
2026-02-11T07:21:18+00:00 matched_row id=2 kategori='Sistem Informasi' hex=53697374656D20496E666F726D617369
2026-02-11T07:21:18+00:00 matched_row id=3 kategori='Sistem Informasi' hex=53697374656D20496E666F726D617369
2026-02-11T07:21:18+00:00 matched_row id=4 kategori='Sistem Informasi' hex=53697374656D20496E666F726D617369
2026-02-11T07:21:18+00:00 matched_row id=5 kategori='Sistem Informasi' hex=53697374656D20496E666F726D617369
2026-02-11T07:21:18+00:00 matched_row id=6 kategori='Sistem Informasi' hex=53697374656D20496E666F726D617369
2026-02-11T07:21:18+00:00 matched_row id=7 kategori='Sistem Informasi' hex=53697374656D20496E666F726D617369
2026-02-11T07:21:18+00:00 matched_row id=8 kategori='Sistem Informasi' hex=53697374656D20496E666F726D617369
2026-02-11T07:21:18+00:00 matched_row id=9 kategori='Sistem Informasi' hex=53697374656D20496E666F726D617369
2026-02-11T07:21:18+00:00 matched_row id=12 kategori='Sistem Informasi' hex=53697374656D20496E666F726D617369
2026-02-11T07:21:18+00:00 exact_matched_row id=1 kategori='Sistem Informasi' hex=53697374656D20496E666F726D617369
2026-02-11T07:21:18+00:00 exact_matched_row id=2 kategori='Sistem Informasi' hex=53697374656D20496E666F726D617369
2026-02-11T07:21:18+00:00 exact_matched_row id=3 kategori='Sistem Informasi' hex=53697374656D20496E666F726D617369
2026-02-11T07:21:18+00:00 exact_matched_row id=4 kategori='Sistem Informasi' hex=53697374656D20496E666F726D617369
2026-02-11T07:21:18+00:00 exact_matched_row id=5 kategori='Sistem Informasi' hex=53697374656D20496E666F726D617369
2026-02-11T07:21:18+00:00 exact_matched_row id=6 kategori='Sistem Informasi' hex=53697374656D20496E666F726D617369
2026-02-11T07:21:18+00:00 exact_matched_row id=7 kategori='Sistem Informasi' hex=53697374656D20496E666F726D617369
2026-02-11T07:21:18+00:00 exact_matched_row id=8 kategori='Sistem Informasi' hex=53697374656D20496E666F726D617369
2026-02-11T07:21:18+00:00 exact_matched_row id=9 kategori='Sistem Informasi' hex=53697374656D20496E666F726D617369
2026-02-11T07:21:18+00:00 exact_matched_row id=12 kategori='Sistem Informasi' hex=53697374656D20496E666F726D617369
2026-02-11T07:21:18+00:00 nomor_tes=PMB20260001 kategori_prodi='Sistem Informasi' found_count=0 existing_kategori=["Sistem Informasi","Akuntansi","Ilmu Komunikasi","Manajemen","Desain Komunikasi Visual","Teknik Informatika"] kategori_hex=53697374656d20496e666f726d617369
2026-02-11T07:21:18+00:00 matched_row id=1 kategori='Sistem Informasi' hex=53697374656D20496E666F726D617369
2026-02-11T07:21:18+00:00 matched_row id=2 kategori='Sistem Informasi' hex=53697374656D20496E666F726D617369
2026-02-11T07:21:18+00:00 matched_row id=3 kategori='Sistem Informasi' hex=53697374656D20496E666F726D617369
2026-02-11T07:21:18+00:00 matched_row id=4 kategori='Sistem Informasi' hex=53697374656D20496E666F726D617369
2026-02-11T07:21:18+00:00 matched_row id=5 kategori='Sistem Informasi' hex=53697374656D20496E666F726D617369
2026-02-11T07:21:18+00:00 matched_row id=6 kategori='Sistem Informasi' hex=53697374656D20496E666F726D617369
2026-02-11T07:21:18+00:00 matched_row id=7 kategori='Sistem Informasi' hex=53697374656D20496E666F726D617369
2026-02-11T07:21:18+00:00 matched_row id=8 kategori='Sistem Informasi' hex=53697374656D20496E666F726D617369
2026-02-11T07:21:18+00:00 matched_row id=9 kategori='Sistem Informasi' hex=53697374656D20496E666F726D617369
2026-02-11T07:21:18+00:00 matched_row id=12 kategori='Sistem Informasi' hex=53697374656D20496E666F726D617369
2026-02-11T07:21:18+00:00 exact_matched_row id=1 kategori='Sistem Informasi' hex=53697374656D20496E666F726D617369
2026-02-11T07:21:18+00:00 exact_matched_row id=2 kategori='Sistem Informasi' hex=53697374656D20496E666F726D617369
2026-02-11T07:21:18+00:00 exact_matched_row id=3 kategori='Sistem Informasi' hex=53697374656D20496E666F726D617369
2026-02-11T07:21:18+00:00 exact_matched_row id=4 kategori='Sistem Informasi' hex=53697374656D20496E666F726D617369
2026-02-11T07:21:18+00:00 exact_matched_row id=5 kategori='Sistem Informasi' hex=53697374656D20496E666F726D617369
2026-02-11T07:21:18+00:00 exact_matched_row id=6 kategori='Sistem Informasi' hex=53697374656D20496E666F726D617369
2026-02-11T07:21:18+00:00 exact_matched_row id=7 kategori='Sistem Informasi' hex=53697374656D20496E666F726D617369
2026-02-11T07:21:18+00:00 exact_matched_row id=8 kategori='Sistem Informasi' hex=53697374656D20496E666F726D617369
2026-02-11T07:21:18+00:00 exact_matched_row id=9 kategori='Sistem Informasi' hex=53697374656D20496E666F726D617369
2026-02-11T07:21:18+00:00 exact_matched_row id=12 kategori='Sistem Informasi' hex=53697374656D20496E666F726D617369
2026-02-11T07:21:18+00:00 nomor_tes=PMB20260001 kategori_prodi='Sistem Informasi' found_count=0 existing_kategori=["Sistem Informasi","Akuntansi","Ilmu Komunikasi","Manajemen","Desain Komunikasi Visual","Teknik Informatika"] kategori_hex=53697374656d20496e666f726d617369
2026-02-11T07:21:18+00:00 matched_row id=1 kategori='Sistem Informasi' hex=53697374656D20496E666F726D617369
2026-02-11T07:21:18+00:00 matched_row id=2 kategori='Sistem Informasi' hex=53697374656D20496E666F726D617369
2026-02-11T07:21:18+00:00 matched_row id=3 kategori='Sistem Informasi' hex=53697374656D20496E666F726D617369
2026-02-11T07:21:18+00:00 matched_row id=4 kategori='Sistem Informasi' hex=53697374656D20496E666F726D617369
2026-02-11T07:21:18+00:00 matched_row id=5 kategori='Sistem Informasi' hex=53697374656D20496E666F726D617369
2026-02-11T07:21:18+00:00 matched_row id=6 kategori='Sistem Informasi' hex=53697374656D20496E666F726D617369
2026-02-11T07:21:18+00:00 matched_row id=7 kategori='Sistem Informasi' hex=53697374656D20496E666F726D617369
2026-02-11T07:21:18+00:00 matched_row id=8 kategori='Sistem Informasi' hex=53697374656D20496E666F726D617369
2026-02-11T07:21:18+00:00 matched_row id=9 kategori='Sistem Informasi' hex=53697374656D20496E666F726D617369
2026-02-11T07:21:18+00:00 matched_row id=12 kategori='Sistem Informasi' hex=53697374656D20496E666F726D617369
2026-02-11T07:21:18+00:00 exact_matched_row id=1 kategori='Sistem Informasi' hex=53697374656D20496E666F726D617369
2026-02-11T07:21:18+00:00 exact_matched_row id=2 kategori='Sistem Informasi' hex=53697374656D20496E666F726D617369
2026-02-11T07:21:18+00:00 exact_matched_row id=3 kategori='Sistem Informasi' hex=53697374656D20496E666F726D617369
2026-02-11T07:21:18+00:00 exact_matched_row id=4 kategori='Sistem Informasi' hex=53697374656D20496E666F726D617369
2026-02-11T07:21:18+00:00 exact_matched_row id=5 kategori='Sistem Informasi' hex=53697374656D20496E666F726D617369
2026-02-11T07:21:18+00:00 exact_matched_row id=6 kategori='Sistem Informasi' hex=53697374656D20496E666F726D617369
2026-02-11T07:21:18+00:00 exact_matched_row id=7 kategori='Sistem Informasi' hex=53697374656D20496E666F726D617369
2026-02-11T07:21:18+00:00 exact_matched_row id=8 kategori='Sistem Informasi' hex=53697374656D20496E666F726D617369
2026-02-11T07:21:18+00:00 exact_matched_row id=9 kategori='Sistem Informasi' hex=53697374656D20496E666F726D617369
2026-02-11T07:21:18+00:00 exact_matched_row id=12 kategori='Sistem Informasi' hex=53697374656D20496E666F726D617369
2026-02-11T07:23:30+00:00 camaba nomor_tes=PMB20260001 prodi_pilihan=Sistem Informasi
