2026-02-10T09:44:14+07:00 Received file key=opsi_a_gambar name=png_4j6we8_4524.png size=112305 error=0
2026-02-10T09:44:14+07:00 Uploaded opsi_a_gambar => opsi_a_1770691454_698a9b7e65bd7.png
2026-02-10T09:44:25+07:00 Received file key=opsi_a_gambar name=Gemini_Generated_Image_po86kqpo86kqpo86.png size=1918366 error=0
2026-02-10T09:44:25+07:00 Uploaded opsi_a_gambar => opsi_a_1770691465_698a9b8919471.png
2026-02-10T09:48:08+07:00 Received file key=opsi_a_gambar name=Gemini_Generated_Image_po86kqpo86kqpo86.png size=1918366 error=0
2026-02-10T09:48:08+07:00 Uploaded opsi_a_gambar => opsi_a_1770691688_698a9c682d6d2.png
2026-02-10T09:48:44+07:00 Received file key=opsi_a_gambar name=Gemini_Generated_Image_95v2ty95v2ty95v2.png size=680222 error=0
2026-02-10T09:48:44+07:00 Uploaded opsi_a_gambar => opsi_a_1770691724_698a9c8cdc492.png
2026-02-10T09:48:54+07:00 Received file key=opsi_a_gambar name=Gemini_Generated_Image_95v2ty95v2ty95v2.png size=680222 error=0
2026-02-10T09:48:54+07:00 Uploaded opsi_a_gambar => opsi_a_1770691734_698a9c968f557.png
2026-02-10T10:42:47+07:00 Received file key=opsi_a_gambar name=Gemini_Generated_Image_95v2ty95v2ty95v2.png size=680222 error=0
2026-02-10T10:42:47+07:00 Uploaded opsi_a_gambar => opsi_a_1770694967_698aa937ec164.png
2026-02-10T11:43:51+07:00 Upload dir: C:\laragon\www\web_pmb\admin\pages\soal/../../uploads/soal/
2026-02-10T11:53:30+07:00 Upload dir: C:\laragon\www\web_pmb\admin\pages\soal/../../uploads/soal/
2026-02-10T11:53:30+07:00 Pertanyaan file key=pertanyaan_gambar_0 name=Gemini_Generated_Image_dmzcxjdmzcxjdmzc.png size=1183447 error=0
2026-02-10T11:53:30+07:00 Uploaded pertanyaan: pertanyaan_1770699210_0_698ab9cabcc7f.png
2026-02-10T11:53:30+07:00 Uploaded opsi a: opsi_a_1770699210_0_698ab9cabd658.png
2026-02-10T11:53:30+07:00 Uploaded opsi d: opsi_d_1770699210_0_698ab9cabddd8.png
2026-02-10T12:45:50+07:00 Received file key=opsi_a_gambar name=Gemini_Generated_Image_jaij9djaij9djaij.png size=905810 error=0
2026-02-10T12:45:50+07:00 Uploaded opsi_a_gambar => opsi_a_1770702350_698ac60e77d22.png
2026-02-10T12:45:50+07:00 Received file key=opsi_b_gambar name=Gemini_Generated_Image_gcqqaqgcqqaqgcqq.png size=919289 error=0
2026-02-10T12:45:50+07:00 Uploaded opsi_b_gambar => opsi_b_1770702350_698ac60e784c2.png
2026-02-10T12:45:50+07:00 Received file key=opsi_c_gambar name=Screenshot 2026-02-09 031500.png size=13963 error=0
2026-02-10T12:45:50+07:00 Uploaded opsi_c_gambar => opsi_c_1770702350_698ac60e78bda.png
2026-02-10T12:45:50+07:00 Received file key=opsi_d_gambar name=Bukti_Pembayaran_Berbentuk_Invoice.png size=87782 error=0
2026-02-10T12:45:50+07:00 Uploaded opsi_d_gambar => opsi_d_1770702350_698ac60e792ee.png
2026-02-10T12:46:02+07:00 Received file key=opsi_a_gambar name=Gemini_Generated_Image_jaij9djaij9djaij.png size=905810 error=0
2026-02-10T12:46:02+07:00 Uploaded opsi_a_gambar => opsi_a_1770702362_698ac61a637df.png
2026-02-10T12:48:50+07:00 Received file key=opsi_a_gambar name=Kwitansi-Format-Photoshop-PSD-dapat-di-edit-2048x1152.png size=1906000 error=0
2026-02-10T12:48:50+07:00 Uploaded opsi_a_gambar => opsi_a_1770702530_698ac6c267672.png
2026-02-10T12:48:50+07:00 Received file key=opsi_b_gambar name=istockphoto-1866684949-1024x1024.jpg size=122877 error=0
2026-02-10T12:48:50+07:00 Uploaded opsi_b_gambar => opsi_b_1770702530_698ac6c267ceb.jpg
2026-02-10T12:48:50+07:00 Received file key=opsi_c_gambar name=gambar-peta-indonesia-lengkap-dengan-nama-provinsi.jpg size=116654 error=0
2026-02-10T12:48:50+07:00 Uploaded opsi_c_gambar => opsi_c_1770702530_698ac6c268313.jpg
2026-02-10T12:48:50+07:00 Received file key=opsi_d_gambar name=png_4j6we8_4524.png size=112305 error=0
2026-02-10T12:48:50+07:00 Uploaded opsi_d_gambar => opsi_d_1770702530_698ac6c268926.png
2026-02-10T12:50:57+07:00 Received file key=opsi_a_gambar name=Gemini_Generated_Image_ytbdm5ytbdm5ytbd.png size=1381450 error=0
2026-02-10T12:50:57+07:00 Uploaded opsi_a_gambar => opsi_a_1770702657_698ac74170d20.png
2026-02-10T12:50:57+07:00 Received file key=opsi_b_gambar name=Gemini_Generated_Image_po86kqpo86kqpo86.png size=1918366 error=0
2026-02-10T12:50:57+07:00 Uploaded opsi_b_gambar => opsi_b_1770702657_698ac741716b5.png
2026-02-10T12:50:57+07:00 Received file key=opsi_c_gambar name=Screenshot 2026-02-09 033904.png size=112166 error=0
2026-02-10T12:50:57+07:00 Uploaded opsi_c_gambar => opsi_c_1770702657_698ac74172043.png
2026-02-10T12:50:57+07:00 Received file key=opsi_d_gambar name=Screenshot 2026-02-09 033950.png size=305577 error=0
2026-02-10T12:50:57+07:00 Uploaded opsi_d_gambar => opsi_d_1770702657_698ac741728f1.png
2026-02-10T12:51:50+07:00 Received file key=pertanyaan_gambar name=Gemini_Generated_Image_95v2ty95v2ty95v2.png size=680222 error=0
2026-02-10T12:51:50+07:00 Uploaded pertanyaan_gambar => pertanyaan_1770702710_698ac77694c4a.png
2026-02-10T12:52:48+07:00 Received file key=pertanyaan_gambar name=Gemini_Generated_Image_dmzcxjdmzcxjdmzc.png size=1183447 error=0
2026-02-10T12:52:48+07:00 Uploaded pertanyaan_gambar => pertanyaan_1770702768_698ac7b0e3e8b.png
2026-02-10T12:54:45+07:00 Received file key=pertanyaan_gambar name=Gemini_Generated_Image_dmzcxjdmzcxjdmzc.png size=1183447 error=0
2026-02-10T12:54:45+07:00 Uploaded pertanyaan_gambar => pertanyaan_1770702885_698ac825dfac2.png
2026-02-10T12:57:02+07:00 Received file key=opsi_a_gambar name=ram.jpg size=44334 error=0
2026-02-10T12:57:02+07:00 Uploaded opsi_a_gambar => opsi_a_1770703022_698ac8ae36caf.jpg
2026-02-10T12:57:02+07:00 Received file key=opsi_b_gambar name=Intel-Rocker-Lake-2-e1615908186584.jpg size=738300 error=0
2026-02-10T12:57:02+07:00 Uploaded opsi_b_gambar => opsi_b_1770703022_698ac8ae37423.jpg
2026-02-10T12:57:02+07:00 Received file key=opsi_c_gambar name=word-image-12.jpeg size=197853 error=0
2026-02-10T12:57:02+07:00 Uploaded opsi_c_gambar => opsi_c_1770703022_698ac8ae37a77.jpeg
2026-02-10T12:57:02+07:00 Received file key=opsi_d_gambar name=PSX-SCPH-5001-Motherboard (1).jpg size=1820003 error=0
2026-02-10T12:57:02+07:00 Uploaded opsi_d_gambar => opsi_d_1770703022_698ac8ae3826d.jpg
2026-02-10T12:58:47+07:00 Received file key=opsi_a_gambar name=71BEgjrdUtL._SL1500_.jpg size=95095 error=0
2026-02-10T12:58:47+07:00 Uploaded opsi_a_gambar => opsi_a_1770703127_698ac917a258c.jpg
2026-02-10T12:58:47+07:00 Received file key=opsi_b_gambar name=61If22BpmQL._AC_SL1500_.jpg size=99119 error=0
2026-02-10T12:58:47+07:00 Uploaded opsi_b_gambar => opsi_b_1770703127_698ac917a2ce8.jpg
2026-02-10T12:58:47+07:00 Received file key=opsi_c_gambar name=epson_c11ce21201_surecolor_p600_inkjet_printer_1091547.jpg size=302513 error=0
2026-02-10T12:58:47+07:00 Uploaded opsi_c_gambar => opsi_c_1770703127_698ac917a3447.jpg
2026-02-10T12:58:47+07:00 Received file key=opsi_d_gambar name=jbl-quantum-duo-lifestyle-03-904x560px-a338ebee7963a0de04272cb76e2b071d-1fbd0dab7fc126d0f6e40e883321f8cf.png size=713701 error=0
2026-02-10T12:58:47+07:00 Uploaded opsi_d_gambar => opsi_d_1770703127_698ac917a3c8b.png
2026-02-10T13:00:39+07:00 Received file key=pertanyaan_gambar name=Gemini_Generated_Image_ivcegdivcegdivce.png size=890099 error=0
2026-02-10T13:00:39+07:00 Uploaded pertanyaan_gambar => pertanyaan_1770703239_698ac9871f8f5.png
2026-02-10T13:01:17+07:00 Received file key=pertanyaan_gambar name=Gemini_Generated_Image_hvsdnjhvsdnjhvsd.png size=1019588 error=0
2026-02-10T13:01:17+07:00 Uploaded pertanyaan_gambar => pertanyaan_1770703277_698ac9ad665b3.png
2026-02-10T13:03:32+07:00 Received file key=opsi_b_gambar name=Gemini_Generated_Image_95v2ty95v2ty95v2.png size=680222 error=0
2026-02-10T13:03:32+07:00 Uploaded opsi_b_gambar => opsi_b_1770703412_698aca3421daa.png
2026-02-10T13:04:21+07:00 Received file key=opsi_b_gambar name=Gemini_Generated_Image_95v2ty95v2ty95v2.png size=680222 error=0
2026-02-10T13:04:21+07:00 Uploaded opsi_b_gambar => opsi_b_1770703461_698aca65765d9.png
2026-02-25T07:59:26+07:00 Upload dir: C:\laragon\www\web_pmb\admin\pages\soal/../../uploads/soal/
2026-02-25T08:01:31+07:00 Upload dir: C:\laragon\www\web_pmb\admin\pages\soal/../../uploads/soal/
2026-02-25T08:04:01+07:00 Upload dir: C:\laragon\www\web_pmb\admin\pages\soal/../../uploads/soal/
2026-02-25T08:04:23+07:00 Upload dir: C:\laragon\www\web_pmb\admin\pages\soal/../../uploads/soal/
2026-02-25T08:04:49+07:00 Upload dir: C:\laragon\www\web_pmb\admin\pages\soal/../../uploads/soal/
2026-02-25T08:05:20+07:00 Upload dir: C:\laragon\www\web_pmb\admin\pages\soal/../../uploads/soal/
2026-02-25T08:05:25+07:00 Upload dir: C:\laragon\www\web_pmb\admin\pages\soal/../../uploads/soal/
2026-02-25T08:05:29+07:00 Upload dir: C:\laragon\www\web_pmb\admin\pages\soal/../../uploads/soal/
2026-02-25T08:05:36+07:00 Upload dir: C:\laragon\www\web_pmb\admin\pages\soal/../../uploads/soal/
2026-02-25T08:05:53+07:00 Upload dir: C:\laragon\www\web_pmb\admin\pages\soal/../../uploads/soal/
2026-02-25T09:53:45+07:00 Upload dir: C:\laragon\www\web_pmb\admin\pages\soal/../../uploads/soal/
2026-02-25T09:56:27+07:00 Upload dir: C:\laragon\www\web_pmb\admin\pages\soal/../../uploads/soal/
2026-02-25T09:57:24+07:00 Upload dir: C:\laragon\www\web_pmb\admin\pages\soal/../../uploads/soal/
2026-02-25T09:57:42+07:00 Upload dir: C:\laragon\www\web_pmb\admin\pages\soal/../../uploads/soal/
2026-02-25T09:57:50+07:00 Upload dir: C:\laragon\www\web_pmb\admin\pages\soal/../../uploads/soal/
2026-02-25T09:59:19+07:00 Upload dir: C:\laragon\www\web_pmb\admin\pages\soal/../../uploads/soal/
2026-03-09T09:00:17+07:00 Upload dir: C:\laragon\www\web_pmb\admin\pages\soal/../../uploads/soal/
2026-03-09T09:01:10+07:00 Upload dir: C:\laragon\www\web_pmb\admin\pages\soal/../../uploads/soal/
2026-03-09T09:02:48+07:00 Upload dir: C:\laragon\www\web_pmb\admin\pages\soal/../../uploads/soal/
2026-03-09T09:08:30+07:00 Upload dir: C:\laragon\www\web_pmb\admin\pages\soal/../../uploads/soal/
2026-03-09T09:09:29+07:00 Upload dir: C:\laragon\www\web_pmb\admin\pages\soal/../../uploads/soal/
2026-03-09T09:10:09+07:00 Upload dir: C:\laragon\www\web_pmb\admin\pages\soal/../../uploads/soal/
2026-03-09T09:10:59+07:00 Upload dir: C:\laragon\www\web_pmb\admin\pages\soal/../../uploads/soal/
2026-03-09T09:11:36+07:00 Upload dir: C:\laragon\www\web_pmb\admin\pages\soal/../../uploads/soal/
2026-03-09T09:12:34+07:00 Upload dir: C:\laragon\www\web_pmb\admin\pages\soal/../../uploads/soal/
2026-03-09T09:12:53+07:00 Upload dir: C:\laragon\www\web_pmb\admin\pages\soal/../../uploads/soal/
2026-03-09T09:14:11+07:00 Upload dir: C:\laragon\www\web_pmb\admin\pages\soal/../../uploads/soal/
2026-03-09T09:14:50+07:00 Upload dir: C:\laragon\www\web_pmb\admin\pages\soal/../../uploads/soal/
2026-03-09T09:15:34+07:00 Upload dir: C:\laragon\www\web_pmb\admin\pages\soal/../../uploads/soal/
2026-03-09T09:16:18+07:00 Upload dir: C:\laragon\www\web_pmb\admin\pages\soal/../../uploads/soal/
2026-03-09T09:17:01+07:00 Upload dir: C:\laragon\www\web_pmb\admin\pages\soal/../../uploads/soal/
2026-03-11T09:29:41+07:00 Upload dir: C:\laragon\www\web_pmb\admin\pages\soal/../../uploads/soal/
2026-03-11T09:29:44+07:00 Upload dir: C:\laragon\www\web_pmb\admin\pages\soal/../../uploads/soal/
